<?xml version="1.0" encoding="UTF-8"?>
<!-- Generated by org.testng.reporters.JUnitReportReporter -->
<testsuite skipped="0" hostname="sonali2698" name="rahulshettyacademy.Mavenjava.RestAPITest" tests="2" failures="0" timestamp="29 Apr 2021 11:25:09 GMT" time="0.020" errors="0">
  <testcase name="elementid" time="0.002" classname="rahulshettyacademy.Mavenjava.RestAPITest"/>
  <testcase name="RestAPITool" time="0.018" classname="rahulshettyacademy.Mavenjava.RestAPITest"/>
</testsuite> <!-- rahulshettyacademy.Mavenjava.RestAPITest -->
