<?xml version="1.0" encoding="UTF-8"?>
<!-- Generated by org.testng.reporters.JUnitReportReporter -->
<testsuite skipped="0" hostname="sonali2698" name="rahulshettyacademy.Mavenjava.SeleniumJavaTest" tests="2" failures="0" timestamp="29 Apr 2021 11:25:09 GMT" time="0.004" errors="0">
  <testcase name="BrowserAutomation" time="0.002" classname="rahulshettyacademy.Mavenjava.SeleniumJavaTest"/>
  <testcase name="Selenium" time="0.002" classname="rahulshettyacademy.Mavenjava.SeleniumJavaTest"/>
</testsuite> <!-- rahulshettyacademy.Mavenjava.SeleniumJavaTest -->
