<?xml version="1.0" encoding="UTF-8"?>
<!-- Generated by org.testng.reporters.JUnitReportReporter -->
<testsuite skipped="0" hostname="sonali2698" name="rahulshettyacademy.Mavenjava.RestAPITest" tests="2" failures="0" timestamp="2021-04-30T13:25:20 IST" time="0.001" errors="0">
  <testcase name="RestAPITool" time="0.001" classname="rahulshettyacademy.Mavenjava.RestAPITest"/>
  <system-out/>
  <testcase name="elementid" time="0.000" classname="rahulshettyacademy.Mavenjava.RestAPITest"/>
  <system-out/>
</testsuite> <!-- rahulshettyacademy.Mavenjava.RestAPITest -->
