<?xml version="1.0" encoding="UTF-8"?>
<!-- Generated by org.testng.reporters.JUnitReportReporter -->
<testsuite skipped="0" hostname="sonali2698" name="rahulshettyacademy.Mavenjava.AppiumTest" tests="2" failures="0" timestamp="2021-04-30T13:25:20 IST" time="0.009" errors="0">
  <testcase name="AppiumTool" time="0.008" classname="rahulshettyacademy.Mavenjava.AppiumTest"/>
  <system-out/>
  <testcase name="elementsUI" time="0.001" classname="rahulshettyacademy.Mavenjava.AppiumTest"/>
  <system-out/>
</testsuite> <!-- rahulshettyacademy.Mavenjava.AppiumTest -->
